<?xml version="1.0" encoding="UTF-8"?>
<!-- Generated by org.testng.reporters.JUnitXMLReporter -->
<testsuite ignored="0" hostname="W7BLRGJMFT13" failures="0" tests="2" name="test8" time="1.087" errors="0" timestamp="22 Apr 2020 06:03:41 GMT">
  <testcase classname="Ingectic.URLB2C" name="@BeforeTest launchBrowser" time="0.0">
    <failure type="org.openqa.selenium.SessionNotCreatedException" message="session not created: This version of ChromeDriver only supports Chrome version 79
Build info: version: &amp;apos;3.12.0&amp;apos;, revision: &amp;apos;7c6e0b3&amp;apos;, time: &amp;apos;2018-05-08T14:04:26.12Z&amp;apos;
System info: host: &amp;apos;W7BLRGJMFT13&amp;apos;, ip: &amp;apos;192.168.149.1&amp;apos;, os.name: &amp;apos;Windows 7&amp;apos;, os.arch: &amp;apos;amd64&amp;apos;, os.version: &amp;apos;6.1&amp;apos;, java.version: &amp;apos;14&amp;apos;
Driver info: driver.version: ChromeDriver
remote stacktrace: Backtrace:
	Ordinal0 [0x0106A113+1548563]
	Ordinal0 [0x00FEDDA1+1039777]
	Ordinal0 [0x00F6E485+517253]
	Ordinal0 [0x00EFFD34+64820]
	Ordinal0 [0x00EFC61E+50718]
	Ordinal0 [0x00F1B797+178071]
	Ordinal0 [0x00F1B59D+177565]
	Ordinal0 [0x00F195FB+169467]
	Ordinal0 [0x00F0160A+71178]
	Ordinal0 [0x00F02690+75408]
	Ordinal0 [0x00F02629+75305]
	Ordinal0 [0x010071B7+1143223]
	GetHandleVerifier [0x01102B46+507814]
	GetHandleVerifier [0x01102864+507076]
	GetHandleVerifier [0x01109F47+537511]
	GetHandleVerifier [0x01103402+510050]
	Ordinal0 [0x00FFF29C+1110684]
	Ordinal0 [0x0100938B+1151883]
	Ordinal0 [0x010094F3+1152243]
	Ordinal0 [0x010083F5+1147893]
	BaseThreadInitThunk [0x750F343D+18]
	RtlInitializeExceptionChain [0x76EF9812+99]
	RtlInitializeExceptionChain [0x76EF97E5+54]
">
      <![CDATA[org.openqa.selenium.SessionNotCreatedException: session not created: This version of ChromeDriver only supports Chrome version 79
Build info: version: '3.12.0', revision: '7c6e0b3', time: '2018-05-08T14:04:26.12Z'
System info: host: 'W7BLRGJMFT13', ip: '192.168.149.1', os.name: 'Windows 7', os.arch: 'amd64', os.version: '6.1', java.version: '14'
Driver info: driver.version: ChromeDriver
remote stacktrace: Backtrace:
	Ordinal0 [0x0106A113+1548563]
	Ordinal0 [0x00FEDDA1+1039777]
	Ordinal0 [0x00F6E485+517253]
	Ordinal0 [0x00EFFD34+64820]
	Ordinal0 [0x00EFC61E+50718]
	Ordinal0 [0x00F1B797+178071]
	Ordinal0 [0x00F1B59D+177565]
	Ordinal0 [0x00F195FB+169467]
	Ordinal0 [0x00F0160A+71178]
	Ordinal0 [0x00F02690+75408]
	Ordinal0 [0x00F02629+75305]
	Ordinal0 [0x010071B7+1143223]
	GetHandleVerifier [0x01102B46+507814]
	GetHandleVerifier [0x01102864+507076]
	GetHandleVerifier [0x01109F47+537511]
	GetHandleVerifier [0x01103402+510050]
	Ordinal0 [0x00FFF29C+1110684]
	Ordinal0 [0x0100938B+1151883]
	Ordinal0 [0x010094F3+1152243]
	Ordinal0 [0x010083F5+1147893]
	BaseThreadInitThunk [0x750F343D+18]
	RtlInitializeExceptionChain [0x76EF9812+99]
	RtlInitializeExceptionChain [0x76EF97E5+54]

	at org.openqa.selenium.remote.W3CHandshakeResponse.lambda$new$0(W3CHandshakeResponse.java:57)
	at org.openqa.selenium.remote.W3CHandshakeResponse.lambda$getResponseFunction$2(W3CHandshakeResponse.java:104)
	at org.openqa.selenium.remote.ProtocolHandshake.lambda$createSession$0(ProtocolHandshake.java:123)
	at java.base/java.util.stream.ReferencePipeline$3$1.accept(ReferencePipeline.java:195)
	at java.base/java.util.Spliterators$ArraySpliterator.tryAdvance(Spliterators.java:958)
	at java.base/java.util.stream.ReferencePipeline.forEachWithCancel(ReferencePipeline.java:127)
	at java.base/java.util.stream.AbstractPipeline.copyIntoWithCancel(AbstractPipeline.java:502)
	at java.base/java.util.stream.AbstractPipeline.copyInto(AbstractPipeline.java:488)
	at java.base/java.util.stream.AbstractPipeline.wrapAndCopyInto(AbstractPipeline.java:474)
	at java.base/java.util.stream.FindOps$FindOp.evaluateSequential(FindOps.java:150)
	at java.base/java.util.stream.AbstractPipeline.evaluate(AbstractPipeline.java:234)
	at java.base/java.util.stream.ReferencePipeline.findFirst(ReferencePipeline.java:543)
	at org.openqa.selenium.remote.ProtocolHandshake.createSession(ProtocolHandshake.java:126)
	at org.openqa.selenium.remote.ProtocolHandshake.createSession(ProtocolHandshake.java:73)
	at org.openqa.selenium.remote.HttpCommandExecutor.execute(HttpCommandExecutor.java:136)
	at org.openqa.selenium.remote.service.DriverCommandExecutor.execute(DriverCommandExecutor.java:83)
	at org.openqa.selenium.remote.RemoteWebDriver.execute(RemoteWebDriver.java:543)
	at org.openqa.selenium.remote.RemoteWebDriver.startSession(RemoteWebDriver.java:207)
	at org.openqa.selenium.remote.RemoteWebDriver.<init>(RemoteWebDriver.java:130)
	at org.openqa.selenium.chrome.ChromeDriver.<init>(ChromeDriver.java:181)
	at org.openqa.selenium.chrome.ChromeDriver.<init>(ChromeDriver.java:168)
	at org.openqa.selenium.chrome.ChromeDriver.<init>(ChromeDriver.java:123)
	at Ingectic.URLB2C.launchBrowser(URLB2C.java:19)
... Removed 28 stack frames]]>
    </failure>
  </testcase> <!-- @BeforeTest launchBrowser -->
  <testcase classname="Ingectic.URLB2C" name="@AfterTest teardown" time="0.0">
    <skipped/>
  </testcase> <!-- @AfterTest teardown -->
  <testcase classname="Ingectic.loginb2c" name="login" time="0.0">
    <skipped/>
  </testcase> <!-- login -->
  <testcase classname="Ingectic.Rewardsbox" name="autoparts" time="0.008">
    <skipped/>
  </testcase> <!-- autoparts -->
</testsuite> <!-- test8 -->
